2017-10-13 10:55:03.076
[2017-10-13 10:55:03] logger.ERROR: Failed to map value "84" for xpath "/vacancies/vacancy/criteria/category[not(@vonq_id)]/@reference_id"{ json: { cmd: ["/var/qdeploy/vonq_integration-layer/current/app/console", "integration-layer:synchronous-task", "connexys_fastforward_agrifirm"] }, syslog: { severity: "Notice", appName: "integration-layer", host: "vonq-web30", priority: "13", facility: "user-level messages", timestamp: "2017-10-13T12:55:03.076660+02:00" } }
2017-10-13 10:55:03.076
[2017-10-13 10:55:03] logger.ERROR: Failed to map value "161" for xpath "/vacancies/vacancy/criteria/category[not(@vonq_id)]/@reference_id"{ json: { cmd: ["/var/qdeploy/vonq_integration-layer/current/app/console", "integration-layer:synchronous-task", "connexys_fastforward_agrifirm"] }, syslog: { severity: "Notice", appName: "integration-layer", host: "vonq-web30", priority: "13", facility: "user-level messages", timestamp: "2017-10-13T12:55:03.076558+02:00" } }
2017-10-13 10:55:03.076
[2017-10-13 10:55:03] logger.ERROR: Failed to map value "5" for xpath "/vacancies/vacancy/criteria/job_level[not(@vonq_id)]/@reference_id"{ json: { cmd: ["/var/qdeploy/vonq_integration-layer/current/app/console", "integration-layer:synchronous-task", "connexys_fastforward_agrifirm"] }, syslog: { severity: "Notice", appName: "integration-layer", host: "vonq-web30", priority: "13", facility: "user-level messages", timestamp: "2017-10-13T12:55:03.076280+02:00" } }
2017-10-13 10:40:03.991
[2017-10-13 10:40:03] logger.ERROR: Failed to map value "Onderwijs / onderzoek / wetenschap" for xpath "/vacancies/vacancy/criteria/category[not(@vonq_id)]"{ json: { cmd: ["/var/qdeploy/vonq_integration-layer/current/app/console", "integration-layer:synchronous-task", "connexys_salesforce_delft"] }, syslog: { severity: "Notice", appName: "integration-layer", host: "vonq-web30", priority: "13", facility: "user-level messages", timestamp: "2017-10-13T12:40:03.991486+02:00" } }
2017-10-13 10:30:08.226
[2017-10-13 10:30:08] logger.ERROR: Failed to map value "Internship & Graduation" for xpath "/vacancies/vacancy/criteria/category[not(@vonq_id)]"{ json: { cmd: ["/var/qdeploy/vonq_integration-layer/current/app/console", "integration-layer:synchronous-task", "connexys_salesforce_royal_ihc"] }, syslog: { severity: "Notice", appName: "integration-layer", host: "vonq-web30", priority: "13", facility: "user-level messages", timestamp: "2017-10-13T12:30:08.226152+02:00" } }
2017-10-13 10:15:04.647
[2017-10-13 10:15:04] logger.ERROR: Failed to map value "Participatie" for xpath "/vacancies/vacancy/criteria/category[not(@vonq_id)]"{ json: { cmd: ["/var/qdeploy/vonq_integration-layer/current/app/console", "integration-layer:synchronous-task", "connexys_salesforce_gvb"] }, syslog: { severity: "Notice", appName: "integration-layer", host: "vonq-web30", priority: "13", facility: "user-level messages", timestamp: "2017-10-13T12:15:04.647864+02:00" } }
2017-10-13 10:15:04.647
[2017-10-13 10:15:04] logger.ERROR: Failed to map value "Stage" for xpath "/vacancies/vacancy/criteria/category[not(@vonq_id)]"{ json: { cmd: ["/var/qdeploy/vonq_integration-layer/current/app/console", "integration-layer:synchronous-task", "connexys_salesforce_gvb"] }, syslog: { severity: "Notice", appName: "integration-layer", host: "vonq-web30", priority: "13", facility: "user-level messages", timestamp: "2017-10-13T12:15:04.647780+02:00" } }
2017-10-13 10:08:01.708
[2017-10-13 10:08:01] logger.ERROR: Failed to map value "Maastricht Airport" for xpath "/vacancies/vacancy/criteria/region[not(@vonq_id)]"{ json: { cmd: ["/var/qdeploy/vonq_integration-layer/current/app/console", "integration-layer:synchronous-task", "hireserve_kpn"] }, syslog: { severity: "Notice", appName: "integration-layer", host: "vonq-web30", priority: "13", facility: "user-level messages", timestamp: "2017-10-13T12:08:01.708582+02:00" } }
2017-10-13 10:07:06.024
[2017-10-13 10:07:06] logger.ERROR: Failed to map value "Nederland" for xpath "/vacancies/vacancy/criteria/region[not(@vonq_id)]"{ json: { cmd: ["/var/qdeploy/vonq_integration-layer/current/app/console", "integration-layer:synchronous-task", "connexys_salesforce_ict_automatisering"] }, syslog: { severity: "Notice", appName: "integration-layer", host: "vonq-web30", priority: "13", facility: "user-level messages", timestamp: "2017-10-13T12:07:06.024642+02:00" } }
2017-10-13 10:07:02.656
[2017-10-13 10:07:02] logger.WARNING: Failed to retrieve positions: Gateway Timeout | Retrying 4 more times.{ json: { cmd: ["/var/qdeploy/vonq_integration-layer/current/app/console", "integration-layer:synchronous-task", "connexys_salesforce_ict_automatisering"] }, syslog: { severity: "Notice", appName: "integration-layer", host: "vonq-web30", priority: "13", facility: "user-level messages", timestamp: "2017-10-13T12:07:02.656369+02:00" } }
2017-10-13 10:06:03.762
[2017-10-13 10:06:03] logger.ERROR: Failed to map value "Urgent" for xpath "/vacancies/vacancy/criteria/job_level[not(@vonq_id)]"{ json: { cmd: ["/var/qdeploy/vonq_integration-layer/current/app/console", "integration-layer:synchronous-task", "connexys_fastforward_royalhaskoningdhv"] }, syslog: { severity: "Notice", appName: "integration-layer", host: "vonq-web30", priority: "13", facility: "user-level messages", timestamp: "2017-10-13T12:06:03.762727+02:00" } }
2017-10-13 10:06:03.762
[2017-10-13 10:06:03] logger.ERROR: Failed to map value "Staat uit bij bureau" for xpath "/vacancies/vacancy/criteria/job_level[not(@vonq_id)]"{ json: { cmd: ["/var/qdeploy/vonq_integration-layer/current/app/console", "integration-layer:synchronous-task", "connexys_fastforward_royalhaskoningdhv"] }, syslog: { severity: "Notice", appName: "integration-layer", host: "vonq-web30", priority: "13", facility: "user-level messages", timestamp: "2017-10-13T12:06:03.762577+02:00" } }
2017-10-13 10:06:03.762
[2017-10-13 10:06:03] logger.ERROR: Failed to map value "Latent" for xpath "/vacancies/vacancy/criteria/job_level[not(@vonq_id)]"{ json: { cmd: ["/var/qdeploy/vonq_integration-layer/current/app/console", "integration-layer:synchronous-task", "connexys_fastforward_royalhaskoningdhv"] }, syslog: { severity: "Notice", appName: "integration-layer", host: "vonq-web30", priority: "13", facility: "user-level messages", timestamp: "2017-10-13T12:06:03.762432+02:00" } }
2017-10-13 10:06:03.762
[2017-10-13 10:06:03] logger.ERROR: Failed to map value "Normaal" for xpath "/vacancies/vacancy/criteria/job_level[not(@vonq_id)]"{ json: { cmd: ["/var/qdeploy/vonq_integration-layer/current/app/console", "integration-layer:synchronous-task", "connexys_fastforward_royalhaskoningdhv"] }, syslog: { severity: "Notice", appName: "integration-layer", host: "vonq-web30", priority: "13", facility: "user-level messages", timestamp: "2017-10-13T12:06:03.762265+02:00" } }
2017-10-13 10:06:03.761
[2017-10-13 10:06:03] logger.ERROR: Failed to map value "Pensioen" for xpath "/vacancies/vacancy/criteria/category[not(@vonq_id)]"{ json: { cmd: ["/var/qdeploy/vonq_integration-layer/current/app/console", "integration-layer:synchronous-task", "connexys_fastforward_royalhaskoningdhv"] }, syslog: { severity: "Notice", appName: "integration-layer", host: "vonq-web30", priority: "13", facility: "user-level messages", timestamp: "2017-10-13T12:06:03.761840+02:00" } }
2017-10-13 10:06:03.761
[2017-10-13 10:06:03] logger.ERROR: Failed to map value "Marketing & Communication" for xpath "/vacancies/vacancy/criteria/category[not(@vonq_id)]"{ json: { cmd: ["/var/qdeploy/vonq_integration-layer/current/app/console", "integration-layer:synchronous-task", "connexys_fastforward_royalhaskoningdhv"] }, syslog: { severity: "Notice", appName: "integration-layer", host: "vonq-web30", priority: "13", facility: "user-level messages", timestamp: "2017-10-13T12:06:03.761699+02:00" } }
2017-10-13 10:06:03.761
[2017-10-13 10:06:03] logger.ERROR: Failed to map value "Elektrotechniek" for xpath "/vacancies/vacancy/criteria/category[not(@vonq_id)]"{ json: { cmd: ["/var/qdeploy/vonq_integration-layer/current/app/console", "integration-layer:synchronous-task", "connexys_fastforward_royalhaskoningdhv"] }, syslog: { severity: "Notice", appName: "integration-layer", host: "vonq-web30", priority: "13", facility: "user-level messages", timestamp: "2017-10-13T12:06:03.761421+02:00" } }
2017-10-13 10:04:02.451
[2017-10-13 10:04:02] logger.ERROR: Failed to map value "Ondersteunend / support" for xpath "/vacancies/vacancy/criteria/job_level[not(@vonq_id)]"{ json: { cmd: ["/var/qdeploy/vonq_integration-layer/current/app/console", "integration-layer:synchronous-task", "connexys_fastforward_royalfloraholland"] }, syslog: { severity: "Notice", appName: "integration-layer", host: "vonq-web30", priority: "13", facility: "user-level messages", timestamp: "2017-10-13T12:04:02.451310+02:00" } }
2017-10-13 10:04:02.451
[2017-10-13 10:04:02] logger.ERROR: Failed to map value "Uitvoerend" for xpath "/vacancies/vacancy/criteria/job_level[not(@vonq_id)]"{ json: { cmd: ["/var/qdeploy/vonq_integration-layer/current/app/console", "integration-layer:synchronous-task", "connexys_fastforward_royalfloraholland"] }, syslog: { severity: "Notice", appName: "integration-layer", host: "vonq-web30", priority: "13", facility: "user-level messages", timestamp: "2017-10-13T12:04:02.451157+02:00" } }
2017-10-13 10:04:02.451
[2017-10-13 10:04:02] logger.ERROR: Failed to map value "Kwaliteit" for xpath "/vacancies/vacancy/criteria/category[not(@vonq_id)]"{ json: { cmd: ["/var/qdeploy/vonq_integration-layer/current/app/console", "integration-layer:synchronous-task", "connexys_fastforward_royalfloraholland"] }, syslog: { severity: "Notice", appName: "integration-layer", host: "vonq-web30", priority: "13", facility: "user-level messages", timestamp: "2017-10-13T12:04:02.451021+02:00" } }
2017-10-13 10:02:02.358
[2017-10-13 10:02:02] logger.ERROR: Failed to map value "Starter" for xpath "/vacancies/vacancy/criteria/job_level[not(@vonq_id)]"{ json: { cmd: ["/var/qdeploy/vonq_integration-layer/current/app/console", "integration-layer:synchronous-task", "connexys_fastforward_mercedes"] }, syslog: { severity: "Notice", appName: "integration-layer", host: "vonq-web30", priority: "13", facility: "user-level messages", timestamp: "2017-10-13T12:02:02.358440+02:00" } }
2017-10-13 10:02:02.358
[2017-10-13 10:02:02] logger.ERROR: Failed to map value "Mid-Senior level" for xpath "/vacancies/vacancy/criteria/job_level[not(@vonq_id)]"{ json: { cmd: ["/var/qdeploy/vonq_integration-layer/current/app/console", "integration-layer:synchronous-task", "connexys_fastforward_mercedes"] }, syslog: { severity: "Notice", appName: "integration-layer", host: "vonq-web30", priority: "13", facility: "user-level messages", timestamp: "2017-10-13T12:02:02.358245+02:00" } }
2017-10-13 10:02:02.358
[2017-10-13 10:02:02] logger.ERROR: Failed to map value "Human Resource Management" for xpath "/vacancies/vacancy/criteria/category[not(@vonq_id)]"{ json: { cmd: ["/var/qdeploy/vonq_integration-layer/current/app/console", "integration-layer:synchronous-task", "connexys_fastforward_mercedes"] }, syslog: { severity: "Notice", appName: "integration-layer", host: "vonq-web30", priority: "13", facility: "user-level messages", timestamp: "2017-10-13T12:02:02.358090+02:00" } }
2017-10-13 10:01:02.440
[2017-10-13 10:01:02] logger.ERROR: Failed to map value "Uitvoerend" for xpath "/vacancies/vacancy/criteria/job_level[not(@vonq_id)]"{ json: { cmd: ["/var/qdeploy/vonq_integration-layer/current/app/console", "integration-layer:synchronous-task", "connexys_fastforward_hunterdouglas"] }, syslog: { severity: "Notice", appName: "integration-layer", host: "vonq-web30", priority: "13", facility: "user-level messages", timestamp: "2017-10-13T12:01:02.440532+02:00" } }
2017-10-13 10:01:02.440
[2017-10-13 10:01:02] logger.ERROR: Failed to map value "Marketing & Sales" for xpath "/vacancies/vacancy/criteria/category[not(@vonq_id)]"{ json: { cmd: ["/var/qdeploy/vonq_integration-layer/current/app/console", "integration-layer:synchronous-task", "connexys_fastforward_hunterdouglas"] }, syslog: { severity: "Notice", appName: "integration-layer", host: "vonq-web30", priority: "13", facility: "user-level messages", timestamp: "2017-10-13T12:01:02.440348+02:00" } }
2017-10-13 10:01:02.440
[2017-10-13 10:01:02] logger.ERROR: Failed to map value "Product Development" for xpath "/vacancies/vacancy/criteria/category[not(@vonq_id)]"{ json: { cmd: ["/var/qdeploy/vonq_integration-layer/current/app/console", "integration-layer:synchronous-task", "connexys_fastforward_hunterdouglas"] }, syslog: { severity: "Notice", appName: "integration-layer", host: "vonq-web30", priority: "13", facility: "user-level messages", timestamp: "2017-10-13T12:01:02.440252+02:00" } }
